Host information
----------------
OS: Ubuntu 22.04.5 LTS (stable release)
Image details: https://github.com/github/codespaces-host-images/blob/main/README.md
----------------
Configuration starting...
Cloning...
Creating container...
$ devcontainer up --id-label Type=codespaces --workspace-folder /var/lib/docker/codespacemount/workspace/kubermatic-kubernetes-platform-administration --mount type=bind,source=/.codespaces/agent/mount/cache,target=/vscode --user-data-folder /var/lib/docker/codespacemount/.persistedshare --container-data-folder .vscode-remote/data/Machine --container-system-data-folder /var/vscode-remote --log-level trace --log-format json --update-remote-user-uid-default never --mount-workspace-git-root false --omit-config-remote-env-from-metadata --skip-non-blocking-commands --skip-post-create --config "/var/lib/docker/codespacemount/workspace/kubermatic-kubernetes-platform-administration/.devcontainer/devcontainer.json" --override-config /root/.codespaces/shared/merged_devcontainer.json --default-user-env-probe loginInteractiveShell --container-session-data-folder /workspaces/.codespaces/.persistedshare/devcontainers-cli/cache --secrets-file /root/.codespaces/shared/user-secrets-envs.json
[157 ms] @devcontainers/cli 0.76.0. Node.js v18.20.8. linux 6.8.0-1027-azure x64.
{"outcome":"error","message":"Command failed: docker inspect --type image training-ghcs-kubermatic-kubernetes-platform-administration-trainee-environment:1.0.0","description":"An error occurred setting up the container."}
Error: Command failed: docker inspect --type image training-ghcs-kubermatic-kubernetes-platform-administration-trainee-environment:1.0.0
    at D6 (/.codespaces/agent/bin/node_modules/@devcontainers/cli/dist/spec-node/devContainersSpecCLI.js:467:1253)
    at Ix (/.codespaces/agent/bin/node_modules/@devcontainers/cli/dist/spec-node/devContainersSpecCLI.js:467:997)
    at process.processTicksAndRejections (node:internal/process/task_queues:95:5)
    at async Y6 (/.codespaces/agent/bin/node_modules/@devcontainers/cli/dist/spec-node/devContainersSpecCLI.js:484:3842)
    at async BC (/.codespaces/agent/bin/node_modules/@devcontainers/cli/dist/spec-node/devContainersSpecCLI.js:484:4957)
    at async p7 (/.codespaces/agent/bin/node_modules/@devcontainers/cli/dist/spec-node/devContainersSpecCLI.js:665:202)
    at async d7 (/.codespaces/agent/bin/node_modules/@devcontainers/cli/dist/spec-node/devContainersSpecCLI.js:664:14804)
devcontainer process exited with exit code 1
    at async /.codespaces/agent/bin/node_modules/@devcontainers/cli/dist/spec-node/devContainersSpecCLI.js:484:1188
Failed to create container.
Error: Command failed: docker inspect --type image training-ghcs-kubermatic-kubernetes-platform-administration-trainee-environment:1.0.0
Error code: 1302 (UnifiedContainersErrorFatalCreatingContainer)
Container creation failed.

Creating recovery container.
